<?xml version="1.0" encoding="UTF-8"?>
<testng-results ignored="0" total="1" passed="1" failed="0" skipped="0">
  <reporter-output>
  </reporter-output>
  <suite started-at="2026-04-23T17:26:45 ICT" name="Surefire suite" finished-at="2026-04-23T17:27:05 ICT" duration-ms="19914">
    <groups>
    </groups>
    <test started-at="2026-04-23T17:26:45 ICT" name="Surefire test" finished-at="2026-04-23T17:27:05 ICT" duration-ms="19914">
      <class name="org.opencart.tests.AddProductToCartTest">
        <test-method is-config="true" signature="setUp()[pri:0, instance:org.opencart.tests.AddProductToCartTest@26e356f0]" started-at="2026-04-23T17:26:46 ICT" name="setUp" finished-at="2026-04-23T17:26:50 ICT" duration-ms="4701" status="PASS">
          <reporter-output>
          </reporter-output>
        </test-method> <!-- setUp -->
        <test-method signature="addProductToCartAndVerifySuccess()[pri:0, instance:org.opencart.tests.AddProductToCartTest@26e356f0]" started-at="2026-04-23T17:26:51 ICT" name="addProductToCartAndVerifySuccess" finished-at="2026-04-23T17:27:05 ICT" duration-ms="13837" status="PASS">
          <reporter-output>
          </reporter-output>
        </test-method> <!-- addProductToCartAndVerifySuccess -->
        <test-method is-config="true" signature="tearDown()[pri:0, instance:org.opencart.tests.AddProductToCartTest@26e356f0]" started-at="2026-04-23T17:27:05 ICT" name="tearDown" finished-at="2026-04-23T17:27:05 ICT" duration-ms="769" status="PASS">
          <reporter-output>
          </reporter-output>
        </test-method> <!-- tearDown -->
      </class> <!-- org.opencart.tests.AddProductToCartTest -->
    </test> <!-- Surefire test -->
  </suite> <!-- Surefire suite -->
</testng-results>
